<?xml version="1.0" encoding="UTF-8"?>
<testng-results ignored="0" total="1" passed="1" failed="0" skipped="0">
  <reporter-output>
  </reporter-output>
  <suite started-at="2025-08-07T04:06:13 GST" name="Default suite" finished-at="2025-08-07T04:06:24 GST" duration-ms="11210">
    <groups>
    </groups>
    <test started-at="2025-08-07T04:06:13 GST" name="Default test" finished-at="2025-08-07T04:06:24 GST" duration-ms="11210">
      <class name="testScript.AdminUsersTest">
        <test-method is-config="true" signature="initialiseBrowser()[pri:0, instance:testScript.AdminUsersTest@a1153bc]" started-at="2025-08-07T04:06:13 GST" name="initialiseBrowser" finished-at="2025-08-07T04:06:20 GST" duration-ms="7215" status="PASS">
          <reporter-output>
          </reporter-output>
        </test-method> <!-- initialiseBrowser -->
        <test-method signature="verifyWhetherUserIsAbleToReset()[pri:0, instance:testScript.AdminUsersTest@a1153bc]" started-at="2025-08-07T04:06:20 GST" name="verifyWhetherUserIsAbleToReset" finished-at="2025-08-07T04:06:24 GST" duration-ms="3662" status="PASS">
          <reporter-output>
          </reporter-output>
        </test-method> <!-- verifyWhetherUserIsAbleToReset -->
        <test-method is-config="true" signature="driverQuit(org.testng.ITestResult)[pri:0, instance:testScript.AdminUsersTest@a1153bc]" started-at="2025-08-07T04:06:24 GST" name="driverQuit" finished-at="2025-08-07T04:06:24 GST" duration-ms="291" status="PASS">
          <params>
            <param index="0">
              <value>
                <![CDATA[[TestResult name=verifyWhetherUserIsAbleToReset status=SUCCESS method=AdminUsersTest.verifyWhetherUserIsAbleToReset()[pri:0, instance:testScript.AdminUsersTest@a1153bc] output={null}]]]>
              </value>
            </param>
          </params>
          <reporter-output>
          </reporter-output>
        </test-method> <!-- driverQuit -->
      </class> <!-- testScript.AdminUsersTest -->
    </test> <!-- Default test -->
  </suite> <!-- Default suite -->
</testng-results>
