<?xml version="1.0" encoding="UTF-8"?>
<!-- Generated by org.testng.reporters.JUnitXMLReporter -->
<testsuite ignored="3" hostname="PRIJOSH" failures="0" tests="1" name="Test" time="4.157" errors="0" timestamp="2025-08-07T19:34:48 GST">
  <testcase classname="testScript.LoginTest" name="verifyLoginWithValidUsernameInvalidPassword" time="0.722"/>
  <testcase classname="testScript.LoginTest" name="verifyLoginWithInvalidUsernameAndPassword" time="0.0">
    <ignored/>
  </testcase> <!-- verifyLoginWithInvalidUsernameAndPassword -->
  <testcase classname="testScript.LoginTest" name="verifyLoginWithIncorrectUsernameValidPassword" time="0.0">
    <ignored/>
  </testcase> <!-- verifyLoginWithIncorrectUsernameValidPassword -->
  <testcase classname="testScript.LoginTest" name="verifyUserLoginWithValidCredentials" time="0.0">
    <ignored/>
  </testcase> <!-- verifyUserLoginWithValidCredentials -->
</testsuite> <!-- Test -->
