<?xml version="1.0" encoding="UTF-8"?>
<!-- Generated by org.testng.reporters.JUnitXMLReporter -->
<testsuite ignored="2" hostname="PRIJOSH" failures="0" tests="1" name="Default test" time="16.327" errors="0" timestamp="2025-08-07T19:28:29 GST">
  <testcase classname="testScript.AdminUsersTest" name="verifyWhetherUserIsAbleToCreateNewUser" time="9.614"/>
  <testcase classname="testScript.AdminUsersTest" name="verifyWhetherUserIsAbleToSearchUser" time="0.0">
    <ignored/>
  </testcase> <!-- verifyWhetherUserIsAbleToSearchUser -->
  <testcase classname="testScript.AdminUsersTest" name="verifyWhetherUserIsAbleToReset" time="0.0">
    <ignored/>
  </testcase> <!-- verifyWhetherUserIsAbleToReset -->
</testsuite> <!-- Default test -->
