<?xml version="1.0" encoding="UTF-8"?>
<!-- Generated by org.testng.reporters.JUnitXMLReporter -->
<testsuite ignored="2" hostname="PRIJOSH" failures="0" tests="1" name="Default test" time="11.21" errors="0" timestamp="2025-08-07T04:06:24 GST">
  <testcase classname="testScript.AdminUsersTest" name="verifyWhetherUserIsAbleToReset" time="3.662"/>
  <testcase classname="testScript.AdminUsersTest" name="verifyWhetherUserIsAbleToCreateNewUser" time="0.0">
    <ignored/>
  </testcase> <!-- verifyWhetherUserIsAbleToCreateNewUser -->
  <testcase classname="testScript.AdminUsersTest" name="verifyWhetherUserIsAbleToSearchUser" time="0.0">
    <ignored/>
  </testcase> <!-- verifyWhetherUserIsAbleToSearchUser -->
</testsuite> <!-- Default test -->
